<?xml version="1.0" encoding="UTF-8"?>
<testng-results ignored="0" total="2" passed="2" failed="0" skipped="0">
  <reporter-output>
  </reporter-output>
  <suite started-at="2024-08-27T09:32:03 IST" name="Suite" finished-at="2024-08-27T09:32:13 IST" duration-ms="10105">
    <groups>
    </groups>
    <test started-at="2024-08-27T09:32:03 IST" name="ChromeTest" finished-at="2024-08-27T09:32:06 IST" duration-ms="3461">
      <class name="test.ParallelExecution">
        <test-method is-config="true" signature="setup(java.lang.String)[pri:0, instance:test.ParallelExecution@6069db50]" started-at="2024-08-27T09:32:03 IST" name="setup" finished-at="2024-08-27T09:32:06 IST" duration-ms="3129" status="PASS">
          <params>
            <param index="0">
              <value>
                <![CDATA[Chrome]]>
              </value>
            </param>
          </params>
          <reporter-output>
          </reporter-output>
        </test-method> <!-- setup -->
        <test-method signature="loadsite()[pri:0, instance:test.ParallelExecution@6069db50]" started-at="2024-08-27T09:32:06 IST" name="loadsite" finished-at="2024-08-27T09:32:06 IST" duration-ms="274" status="PASS">
          <reporter-output>
          </reporter-output>
        </test-method> <!-- loadsite -->
      </class> <!-- test.ParallelExecution -->
    </test> <!-- ChromeTest -->
    <test started-at="2024-08-27T09:32:06 IST" name="EdgeTest" finished-at="2024-08-27T09:32:13 IST" duration-ms="6576">
      <class name="test.ParallelExecution">
        <test-method is-config="true" signature="setup(java.lang.String)[pri:0, instance:test.ParallelExecution@1bb5a082]" started-at="2024-08-27T09:32:06 IST" name="setup" finished-at="2024-08-27T09:32:12 IST" duration-ms="5376" status="PASS">
          <params>
            <param index="0">
              <value>
                <![CDATA[Edge]]>
              </value>
            </param>
          </params>
          <reporter-output>
          </reporter-output>
        </test-method> <!-- setup -->
        <test-method signature="loadsite()[pri:0, instance:test.ParallelExecution@1bb5a082]" started-at="2024-08-27T09:32:12 IST" name="loadsite" finished-at="2024-08-27T09:32:13 IST" duration-ms="1195" status="PASS">
          <reporter-output>
          </reporter-output>
        </test-method> <!-- loadsite -->
      </class> <!-- test.ParallelExecution -->
    </test> <!-- EdgeTest -->
  </suite> <!-- Suite -->
</testng-results>
